[14-Feb-2023 09:45:37 Europe/Berlin] PHP Fatal error:  Uncaught Error: Call to undefined function checkHost() in C:\Users\Terentev\Delete_Massage_1st_Project_in_Company\main.php:13
Stack trace:
#0 {main}
  thrown in C:\Users\Terentev\Delete_Massage_1st_Project_in_Company\main.php on line 13
[14-Feb-2023 09:45:42 Europe/Berlin] PHP Fatal error:  Uncaught Error: Call to undefined function checkHost() in C:\Users\Terentev\Delete_Massage_1st_Project_in_Company\main.php:13
Stack trace:
#0 {main}
  thrown in C:\Users\Terentev\Delete_Massage_1st_Project_in_Company\main.php on line 13
[20-Feb-2023 11:44:32 Europe/Berlin] PHP Warning:  error_log(C:\Users\Terentev\Delete_Massage_1st_Project_in_Company\include/logs/db_error.log): Failed to open stream: No such file or directory in C:\Users\Terentev\Delete_Massage_1st_Project_in_Company\include\check.php on line 61
[20-Feb-2023 11:46:59 Europe/Berlin] PHP Warning:  Undefined global variable $_SESSION in C:\Users\Terentev\Delete_Massage_1st_Project_in_Company\main.php on line 90
[20-Feb-2023 11:46:59 Europe/Berlin] PHP Warning:  Trying to access array offset on value of type null in C:\Users\Terentev\Delete_Massage_1st_Project_in_Company\main.php on line 90
[20-Feb-2023 15:04:51 Europe/Berlin] PHP Fatal error:  Uncaught Error: Call to undefined function cron() in C:\Users\Terentev\Delete_Massage_1st_Project_in_Company\main.php:14
Stack trace:
#0 {main}
  thrown in C:\Users\Terentev\Delete_Massage_1st_Project_in_Company\main.php on line 14
[20-Feb-2023 15:05:09 Europe/Berlin] PHP Fatal error:  Uncaught Error: Call to undefined function cron() in C:\Users\Terentev\Delete_Massage_1st_Project_in_Company\main.php:14
Stack trace:
#0 {main}
  thrown in C:\Users\Terentev\Delete_Massage_1st_Project_in_Company\main.php on line 14
[20-Feb-2023 15:23:27 Europe/Berlin] PHP Warning:  file_put_contents(/tmp/crontab.B9XBFF): Failed to open stream: No such file or directory in C:\Users\Terentev\Delete_Massage_1st_Project_in_Company\include\code.php on line 54
[20-Feb-2023 15:23:27 Europe/Berlin] PHP Warning:  touch(): Unable to create file /tmp/crontab.B9XBFF/crontab because No such file or directory in C:\Users\Terentev\Delete_Massage_1st_Project_in_Company\include\code.php on line 57
[20-Feb-2023 15:23:27 Europe/Berlin] PHP Warning:  chmod(): No such file or directory in C:\Users\Terentev\Delete_Massage_1st_Project_in_Company\include\code.php on line 59
[20-Feb-2023 15:23:27 Europe/Berlin] PHP Warning:  file_put_contents(/tmp/crontab.B9XBFF/crontab): Failed to open stream: No such file or directory in C:\Users\Terentev\Delete_Massage_1st_Project_in_Company\include\code.php on line 61
[20-Feb-2023 18:50:41 Europe/Berlin] PHP Warning:  Undefined global variable $_SESSION in C:\Users\Terentev\Delete_Massage_1st_Project_in_Company\main.php on line 13
[20-Feb-2023 18:50:45 Europe/Berlin] PHP Warning:  error_log(C:\Users\Terentev\Delete_Massage_1st_Project_in_Company\include/logs/db_error.log): Failed to open stream: No such file or directory in C:\Users\Terentev\Delete_Massage_1st_Project_in_Company\include\check.php on line 61
[20-Feb-2023 18:50:55 Europe/Berlin] PHP Warning:  Undefined global variable $_SESSION in C:\Users\Terentev\Delete_Massage_1st_Project_in_Company\main.php on line 13
[20-Feb-2023 18:50:55 Europe/Berlin] PHP Warning:  Undefined global variable $_SESSION in C:\Users\Terentev\Delete_Massage_1st_Project_in_Company\main.php on line 87
[20-Feb-2023 18:50:55 Europe/Berlin] PHP Warning:  Trying to access array offset on value of type null in C:\Users\Terentev\Delete_Massage_1st_Project_in_Company\main.php on line 87
[20-Feb-2023 18:52:59 Europe/Berlin] PHP Warning:  Undefined global variable $_SESSION in C:\Users\Terentev\Delete_Massage_1st_Project_in_Company\main.php on line 13
[20-Feb-2023 18:54:05 Europe/Berlin] PHP Fatal error:  Uncaught Error: Call to undefined function cronStart() in C:\Users\Terentev\Delete_Massage_1st_Project_in_Company\main.php:14
Stack trace:
#0 {main}
  thrown in C:\Users\Terentev\Delete_Massage_1st_Project_in_Company\main.php on line 14
[20-Feb-2023 18:54:08 Europe/Berlin] PHP Fatal error:  Uncaught Error: Call to undefined function cronStart() in C:\Users\Terentev\Delete_Massage_1st_Project_in_Company\main.php:14
Stack trace:
#0 {main}
  thrown in C:\Users\Terentev\Delete_Massage_1st_Project_in_Company\main.php on line 14
[20-Feb-2023 18:54:53 Europe/Berlin] PHP Fatal error:  Uncaught Error: Call to undefined function cronStart() in C:\Users\Terentev\Delete_Massage_1st_Project_in_Company\main.php:19
Stack trace:
#0 {main}
  thrown in C:\Users\Terentev\Delete_Massage_1st_Project_in_Company\main.php on line 19
[20-Feb-2023 18:55:43 Europe/Berlin] PHP Warning:  Undefined global variable $_SESSION in C:\Users\Terentev\Delete_Massage_1st_Project_in_Company\main.php on line 17
[22-Feb-2023 06:00:25 Europe/Berlin] PHP Warning:  Undefined global variable $_SESSION in C:\Users\Terentev\Delete_Massage_1st_Project_in_Company\main.php on line 14
[22-Feb-2023 18:00:58 Europe/Berlin] PHP Warning:  Undefined global variable $_SESSION in C:\Users\Terentev\Delete_Massage_1st_Project_in_Company\main.php on line 14
[22-Feb-2023 18:01:00 Europe/Berlin] PHP Warning:  Undefined global variable $_SESSION in C:\Users\Terentev\Delete_Massage_1st_Project_in_Company\main.php on line 14
[22-Feb-2023 18:01:16 Europe/Berlin] PHP Warning:  Undefined global variable $_SESSION in C:\Users\Terentev\Delete_Massage_1st_Project_in_Company\main.php on line 14
[22-Feb-2023 18:02:39 Europe/Berlin] PHP Warning:  Undefined global variable $_SESSION in C:\Users\Terentev\Delete_Massage_1st_Project_in_Company\main.php on line 14
[22-Feb-2023 18:02:47 Europe/Berlin] PHP Warning:  Undefined global variable $_SESSION in C:\Users\Terentev\Delete_Massage_1st_Project_in_Company\main.php on line 14
[22-Feb-2023 18:03:21 Europe/Berlin] PHP Warning:  Undefined global variable $_SESSION in C:\Users\Terentev\Delete_Massage_1st_Project_in_Company\main.php on line 14
[23-Feb-2023 07:54:37 Europe/Berlin] PHP Warning:  Array to string conversion in C:\Users\Terentev\Delete_Massage_1st_Project_in_Company\main.php on line 14
[23-Feb-2023 08:09:58 Europe/Berlin] PHP Warning:  Undefined global variable $_SESSION in C:\Users\Terentev\Delete_Massage_1st_Project_in_Company\main.php on line 16
[23-Feb-2023 08:12:35 Europe/Berlin] PHP Fatal error:  Uncaught Error: Call to undefined function session() in C:\Users\Terentev\Delete_Massage_1st_Project_in_Company\main.php:14
Stack trace:
#0 {main}
  thrown in C:\Users\Terentev\Delete_Massage_1st_Project_in_Company\main.php on line 14
[23-Feb-2023 08:13:44 Europe/Berlin] PHP Warning:  Undefined global variable $_SESSION in C:\Users\Terentev\Delete_Massage_1st_Project_in_Company\main.php on line 16
[23-Feb-2023 08:13:48 Europe/Berlin] PHP Warning:  Undefined global variable $_SESSION in C:\Users\Terentev\Delete_Massage_1st_Project_in_Company\main.php on line 16
[23-Feb-2023 08:20:54 Europe/Berlin] PHP Warning:  Undefined global variable $_SESSION in C:\Users\Terentev\Delete_Massage_1st_Project_in_Company\main.php on line 16
[23-Feb-2023 08:20:56 Europe/Berlin] PHP Warning:  Undefined global variable $_SESSION in C:\Users\Terentev\Delete_Massage_1st_Project_in_Company\main.php on line 16
[23-Feb-2023 08:21:03 Europe/Berlin] PHP Warning:  Undefined global variable $_SESSION in C:\Users\Terentev\Delete_Massage_1st_Project_in_Company\main.php on line 16
[23-Feb-2023 08:22:20 Europe/Berlin] PHP Warning:  Undefined global variable $_SESSION in C:\Users\Terentev\Delete_Massage_1st_Project_in_Company\main.php on line 16
[23-Feb-2023 11:53:41 Europe/Berlin] PHP Warning:  Undefined global variable $_SESSION in C:\Users\Terentev\Delete_Massage_1st_Project_in_Company\main.php on line 15
[23-Feb-2023 12:11:27 Europe/Berlin] PHP Warning:  Undefined array key "month_count" in C:\Users\Terentev\Delete_Massage_1st_Project_in_Company\cron.php on line 38
[23-Feb-2023 12:11:27 Europe/Berlin] PHP Warning:  session_start(): Session cannot be started after headers have already been sent in C:\Users\Terentev\Delete_Massage_1st_Project_in_Company\cron.php on line 8
[23-Feb-2023 12:11:27 Europe/Berlin] PHP Warning:  session_destroy(): Trying to destroy uninitialized session in C:\Users\Terentev\Delete_Massage_1st_Project_in_Company\cron.php on line 16
[23-Feb-2023 12:12:43 Europe/Berlin] PHP Warning:  Undefined array key "month_count" in C:\Users\Terentev\Delete_Massage_1st_Project_in_Company\cron.php on line 38
[23-Feb-2023 12:12:43 Europe/Berlin] PHP Warning:  session_start(): Session cannot be started after headers have already been sent in C:\Users\Terentev\Delete_Massage_1st_Project_in_Company\cron.php on line 8
[23-Feb-2023 12:12:43 Europe/Berlin] PHP Warning:  session_destroy(): Trying to destroy uninitialized session in C:\Users\Terentev\Delete_Massage_1st_Project_in_Company\cron.php on line 16
[23-Feb-2023 12:13:00 Europe/Berlin] PHP Warning:  Undefined global variable $_SESSION in C:\Users\Terentev\Delete_Massage_1st_Project_in_Company\cron.php on line 38
[23-Feb-2023 12:13:00 Europe/Berlin] PHP Warning:  Trying to access array offset on value of type null in C:\Users\Terentev\Delete_Massage_1st_Project_in_Company\cron.php on line 38
[23-Feb-2023 12:13:00 Europe/Berlin] PHP Warning:  session_start(): Session cannot be started after headers have already been sent in C:\Users\Terentev\Delete_Massage_1st_Project_in_Company\cron.php on line 8
[23-Feb-2023 12:13:00 Europe/Berlin] PHP Warning:  session_destroy(): Trying to destroy uninitialized session in C:\Users\Terentev\Delete_Massage_1st_Project_in_Company\cron.php on line 16
[23-Feb-2023 12:13:08 Europe/Berlin] PHP Warning:  Undefined global variable $_SESSION in C:\Users\Terentev\Delete_Massage_1st_Project_in_Company\cron.php on line 38
[23-Feb-2023 12:13:08 Europe/Berlin] PHP Warning:  Trying to access array offset on value of type null in C:\Users\Terentev\Delete_Massage_1st_Project_in_Company\cron.php on line 38
[23-Feb-2023 12:13:08 Europe/Berlin] PHP Warning:  session_start(): Session cannot be started after headers have already been sent in C:\Users\Terentev\Delete_Massage_1st_Project_in_Company\cron.php on line 8
[23-Feb-2023 12:13:08 Europe/Berlin] PHP Warning:  session_destroy(): Trying to destroy uninitialized session in C:\Users\Terentev\Delete_Massage_1st_Project_in_Company\cron.php on line 16
[23-Feb-2023 12:13:34 Europe/Berlin] PHP Warning:  Undefined array key "month_count" in C:\Users\Terentev\Delete_Massage_1st_Project_in_Company\cron.php on line 38
[23-Feb-2023 12:13:34 Europe/Berlin] PHP Warning:  session_start(): Session cannot be started after headers have already been sent in C:\Users\Terentev\Delete_Massage_1st_Project_in_Company\cron.php on line 8
[23-Feb-2023 12:13:34 Europe/Berlin] PHP Warning:  session_destroy(): Trying to destroy uninitialized session in C:\Users\Terentev\Delete_Massage_1st_Project_in_Company\cron.php on line 16
[23-Feb-2023 12:23:11 Europe/Berlin] PHP Warning:  Undefined global variable $_SESSION in C:\Users\Terentev\Delete_Massage_1st_Project_in_Company\main.php on line 14
[23-Feb-2023 12:23:11 Europe/Berlin] PHP Warning:  Trying to access array offset on value of type null in C:\Users\Terentev\Delete_Massage_1st_Project_in_Company\main.php on line 14
[23-Feb-2023 12:23:11 Europe/Berlin] PHP Warning:  Undefined global variable $_SESSION in C:\Users\Terentev\Delete_Massage_1st_Project_in_Company\main.php on line 15
[23-Feb-2023 12:23:11 Europe/Berlin] PHP Warning:  Trying to access array offset on value of type null in C:\Users\Terentev\Delete_Massage_1st_Project_in_Company\main.php on line 15
[23-Feb-2023 12:23:11 Europe/Berlin] PHP Warning:  Undefined global variable $_SESSION in C:\Users\Terentev\Delete_Massage_1st_Project_in_Company\main.php on line 16
[23-Feb-2023 12:23:11 Europe/Berlin] PHP Warning:  Trying to access array offset on value of type null in C:\Users\Terentev\Delete_Massage_1st_Project_in_Company\main.php on line 16
[23-Feb-2023 12:23:11 Europe/Berlin] PHP Warning:  Undefined global variable $_SESSION in C:\Users\Terentev\Delete_Massage_1st_Project_in_Company\main.php on line 17
[23-Feb-2023 12:23:11 Europe/Berlin] PHP Warning:  Trying to access array offset on value of type null in C:\Users\Terentev\Delete_Massage_1st_Project_in_Company\main.php on line 17
[23-Feb-2023 12:23:25 Europe/Berlin] PHP Warning:  Undefined global variable $_SESSION in C:\Users\Terentev\Delete_Massage_1st_Project_in_Company\main.php on line 14
[23-Feb-2023 12:23:25 Europe/Berlin] PHP Warning:  Trying to access array offset on value of type null in C:\Users\Terentev\Delete_Massage_1st_Project_in_Company\main.php on line 14
[23-Feb-2023 12:23:25 Europe/Berlin] PHP Warning:  Undefined global variable $_SESSION in C:\Users\Terentev\Delete_Massage_1st_Project_in_Company\main.php on line 15
[23-Feb-2023 12:23:25 Europe/Berlin] PHP Warning:  Trying to access array offset on value of type null in C:\Users\Terentev\Delete_Massage_1st_Project_in_Company\main.php on line 15
[23-Feb-2023 12:23:25 Europe/Berlin] PHP Warning:  Undefined global variable $_SESSION in C:\Users\Terentev\Delete_Massage_1st_Project_in_Company\main.php on line 16
[23-Feb-2023 12:23:25 Europe/Berlin] PHP Warning:  Trying to access array offset on value of type null in C:\Users\Terentev\Delete_Massage_1st_Project_in_Company\main.php on line 16
[23-Feb-2023 12:23:25 Europe/Berlin] PHP Warning:  Undefined global variable $_SESSION in C:\Users\Terentev\Delete_Massage_1st_Project_in_Company\main.php on line 17
[23-Feb-2023 12:23:25 Europe/Berlin] PHP Warning:  Trying to access array offset on value of type null in C:\Users\Terentev\Delete_Massage_1st_Project_in_Company\main.php on line 17
[23-Feb-2023 12:26:38 Europe/Berlin] PHP Warning:  Undefined global variable $_SESSION in C:\Users\Terentev\Delete_Massage_1st_Project_in_Company\main.php on line 14
[23-Feb-2023 12:26:55 Europe/Berlin] PHP Warning:  Undefined global variable $_SESSION in C:\Users\Terentev\Delete_Massage_1st_Project_in_Company\main.php on line 14
[23-Feb-2023 12:26:57 Europe/Berlin] PHP Warning:  Undefined global variable $_SESSION in C:\Users\Terentev\Delete_Massage_1st_Project_in_Company\main.php on line 14
[23-Feb-2023 12:27:14 Europe/Berlin] PHP Warning:  Undefined global variable $_SESSION in C:\Users\Terentev\Delete_Massage_1st_Project_in_Company\main.php on line 14
[23-Feb-2023 12:27:15 Europe/Berlin] PHP Warning:  Undefined global variable $_SESSION in C:\Users\Terentev\Delete_Massage_1st_Project_in_Company\main.php on line 14
[23-Feb-2023 12:27:16 Europe/Berlin] PHP Warning:  Undefined global variable $_SESSION in C:\Users\Terentev\Delete_Massage_1st_Project_in_Company\main.php on line 14
[23-Feb-2023 12:28:26 Europe/Berlin] PHP Warning:  Undefined global variable $_SESSION in C:\Users\Terentev\Delete_Massage_1st_Project_in_Company\main.php on line 14
[23-Feb-2023 12:28:26 Europe/Berlin] PHP Warning:  Undefined global variable $_SESSION in C:\Users\Terentev\Delete_Massage_1st_Project_in_Company\main.php on line 14
[23-Feb-2023 12:28:27 Europe/Berlin] PHP Warning:  Undefined global variable $_SESSION in C:\Users\Terentev\Delete_Massage_1st_Project_in_Company\main.php on line 14
[23-Feb-2023 12:28:28 Europe/Berlin] PHP Warning:  Undefined global variable $_SESSION in C:\Users\Terentev\Delete_Massage_1st_Project_in_Company\main.php on line 14
[23-Feb-2023 12:28:28 Europe/Berlin] PHP Warning:  Undefined global variable $_SESSION in C:\Users\Terentev\Delete_Massage_1st_Project_in_Company\main.php on line 14
[23-Feb-2023 12:28:28 Europe/Berlin] PHP Warning:  Undefined global variable $_SESSION in C:\Users\Terentev\Delete_Massage_1st_Project_in_Company\main.php on line 14
[23-Feb-2023 12:28:28 Europe/Berlin] PHP Warning:  Undefined global variable $_SESSION in C:\Users\Terentev\Delete_Massage_1st_Project_in_Company\main.php on line 14
[23-Feb-2023 12:28:28 Europe/Berlin] PHP Warning:  Undefined global variable $_SESSION in C:\Users\Terentev\Delete_Massage_1st_Project_in_Company\main.php on line 14
[23-Feb-2023 12:28:29 Europe/Berlin] PHP Warning:  Undefined global variable $_SESSION in C:\Users\Terentev\Delete_Massage_1st_Project_in_Company\main.php on line 14
[23-Feb-2023 12:28:29 Europe/Berlin] PHP Warning:  Undefined global variable $_SESSION in C:\Users\Terentev\Delete_Massage_1st_Project_in_Company\main.php on line 14
[23-Feb-2023 12:28:29 Europe/Berlin] PHP Warning:  Undefined global variable $_SESSION in C:\Users\Terentev\Delete_Massage_1st_Project_in_Company\main.php on line 14
[23-Feb-2023 12:28:29 Europe/Berlin] PHP Warning:  Undefined global variable $_SESSION in C:\Users\Terentev\Delete_Massage_1st_Project_in_Company\main.php on line 14
[23-Feb-2023 12:28:29 Europe/Berlin] PHP Warning:  Undefined global variable $_SESSION in C:\Users\Terentev\Delete_Massage_1st_Project_in_Company\main.php on line 14
[23-Feb-2023 12:28:29 Europe/Berlin] PHP Warning:  Undefined global variable $_SESSION in C:\Users\Terentev\Delete_Massage_1st_Project_in_Company\main.php on line 14
[23-Feb-2023 12:28:30 Europe/Berlin] PHP Warning:  Undefined global variable $_SESSION in C:\Users\Terentev\Delete_Massage_1st_Project_in_Company\main.php on line 14
[23-Feb-2023 12:28:30 Europe/Berlin] PHP Warning:  Undefined global variable $_SESSION in C:\Users\Terentev\Delete_Massage_1st_Project_in_Company\main.php on line 14
[23-Feb-2023 12:28:30 Europe/Berlin] PHP Warning:  Undefined global variable $_SESSION in C:\Users\Terentev\Delete_Massage_1st_Project_in_Company\main.php on line 14
[23-Feb-2023 12:28:30 Europe/Berlin] PHP Warning:  Undefined global variable $_SESSION in C:\Users\Terentev\Delete_Massage_1st_Project_in_Company\main.php on line 14
[23-Feb-2023 12:28:31 Europe/Berlin] PHP Warning:  Undefined global variable $_SESSION in C:\Users\Terentev\Delete_Massage_1st_Project_in_Company\main.php on line 14
[23-Feb-2023 12:28:31 Europe/Berlin] PHP Warning:  Undefined global variable $_SESSION in C:\Users\Terentev\Delete_Massage_1st_Project_in_Company\main.php on line 14
[23-Feb-2023 12:29:10 Europe/Berlin] PHP Warning:  Undefined global variable $_SESSION in C:\Users\Terentev\Delete_Massage_1st_Project_in_Company\main.php on line 14
[23-Feb-2023 12:30:30 Europe/Berlin] PHP Warning:  Undefined global variable $_SESSION in C:\Users\Terentev\Delete_Massage_1st_Project_in_Company\main.php on line 14
[23-Feb-2023 12:31:07 Europe/Berlin] PHP Warning:  Undefined global variable $_SESSION in C:\Users\Terentev\Delete_Massage_1st_Project_in_Company\main.php on line 14
[23-Feb-2023 12:31:37 Europe/Berlin] PHP Warning:  Undefined global variable $_SESSION in C:\Users\Terentev\Delete_Massage_1st_Project_in_Company\main.php on line 15
[23-Feb-2023 12:33:08 Europe/Berlin] PHP Warning:  Undefined global variable $_SESSION in C:\Users\Terentev\Delete_Massage_1st_Project_in_Company\main.php on line 15
[23-Feb-2023 12:33:09 Europe/Berlin] PHP Warning:  Undefined global variable $_SESSION in C:\Users\Terentev\Delete_Massage_1st_Project_in_Company\main.php on line 15
[23-Feb-2023 12:33:10 Europe/Berlin] PHP Warning:  Undefined global variable $_SESSION in C:\Users\Terentev\Delete_Massage_1st_Project_in_Company\main.php on line 15
[23-Feb-2023 12:33:26 Europe/Berlin] PHP Warning:  Undefined global variable $_SESSION in C:\Users\Terentev\Delete_Massage_1st_Project_in_Company\main.php on line 15
[23-Feb-2023 12:33:45 Europe/Berlin] PHP Warning:  Undefined global variable $_SESSION in C:\Users\Terentev\Delete_Massage_1st_Project_in_Company\main.php on line 15
[23-Feb-2023 12:34:05 Europe/Berlin] PHP Warning:  Undefined global variable $_SESSION in C:\Users\Terentev\Delete_Massage_1st_Project_in_Company\main.php on line 15
[23-Feb-2023 12:35:09 Europe/Berlin] PHP Warning:  Undefined global variable $_SESSION in C:\Users\Terentev\Delete_Massage_1st_Project_in_Company\main.php on line 15
[23-Feb-2023 13:30:54 Europe/Berlin] PHP Warning:  Undefined global variable $_SESSION in C:\Users\Terentev\Delete_Massage_1st_Project_in_Company\main.php on line 15
[23-Feb-2023 13:31:14 Europe/Berlin] PHP Warning:  Undefined global variable $_SESSION in C:\Users\Terentev\Delete_Massage_1st_Project_in_Company\main.php on line 15
